<?xml version="1.0" encoding="UTF-8"?>
<testsuite xmlns:xsi="http://www.w3.org/2001/XMLSchema-instance" xsi:schemaLocation="https://maven.apache.org/surefire/maven-surefire-plugin/xsd/surefire-test-report.xsd" name="TestSuite" time="2,857.602" tests="35" errors="0" skipped="0" failures="21">
  <properties>
[...]
</properties>
  <testcase name="convertobjToJson" classname="Pojo.convertClassObj_to_Json_Seralization_Deserialisation" time="0.098"/>
  <testcase name="readFromJsonObject" classname="Pojo.convertClassObj_to_Json_Seralization_Deserialisation" time="0.042"/>
  <testcase name="jsonArray_viaPojo" classname="Pojo.jsonArray_via_Pojo" time="0.101"/>
  <testcase name="printAJsonArray_viaPojo" classname="Pojo.jsonArray_via_Pojo" time="0.069"/>
  <testcase name="getBookingID_VerifyStatusCode" classname="examples.BDDStyleCode" time="3.152">
    <failure message="1 expectation failed.&#10;JSON path bookingid[3] doesn&apos;t match.&#10;Expected: &lt;1&gt;&#10;  Actual: 2&#10;" type="java.lang.AssertionError"><![CDATA[java.lang.AssertionError: 
1 expectation failed.
JSON path bookingid[3] doesn't match.
Expected: <1>
  Actual: 2

	at examples.BDDStyleCode.getBookingID_VerifyStatusCode(BDDStyleCode.java:20)
]]></failure>
  </testcase>
  <testcase name="testcase1_writeUsingStringMehod" classname="examples.WriteRestAPI_Response_to_external_Files" time="0.022"/>
  <testcase name="tc2_writeUsingAsInputStream" classname="examples.WriteRestAPI_Response_to_external_Files" time="0.002"/>
  <testcase name="bestWayToPrintOutputResponseToFile" classname="examples.WriteRestAPI_Response_to_external_Files" time="0.001"/>
  <testcase name="TC1" classname="examples.beforeClassCommonCode_with_given_same" time="1.307"/>
  <testcase name="TC2" classname="examples.beforeClassCommonCode_with_given_same" time="0.027"/>
  <testcase name="TC3" classname="examples.beforeClassCommonCode_with_given_same" time="0.01"/>
  <testcase name="TC4" classname="examples.beforeClassCommonCode_with_given_same" time="0.003"/>
  <testcase name="TC5" classname="examples.beforeClassCommonCode_with_given_same" time="0.009"/>
  <testcase name="defaultTest" classname="examples.defaultHostPort_Logging" time="168.406">
    <failure message="Connection timed out: connect" type="java.net.ConnectException">java.net.ConnectException: Connection timed out: connect
	at examples.defaultHostPort_Logging.defaultTest(defaultHostPort_Logging.java:22)
</failure>
    <system-out><![CDATA[Request method:	GET
Request URI:	https://restful-booker.herokuapp.com:8181/ping
Proxy:			<none>
Request params:	<none>
Query params:	<none>
Form params:	<none>
Path params:	<none>
Headers:		Accept=*/*
Cookies:		<none>
Multiparts:		<none>
Body:			<none>
]]></system-out>
  </testcase>
  <testcase name="usingRequestSpecificationBuilder" classname="examples.defaultHostPort_Logging" time="168.479">
    <failure message="Connection timed out: connect" type="java.net.ConnectException">java.net.ConnectException: Connection timed out: connect
	at examples.defaultHostPort_Logging.usingRequestSpecificationBuilder(defaultHostPort_Logging.java:40)
</failure>
  </testcase>
  <testcase name="staticPortProperty" classname="examples.defaultHostPort_Logging" time="4.107">
    <failure message="Connection refused: connect" type="java.net.ConnectException">java.net.ConnectException: Connection refused: connect
	at examples.defaultHostPort_Logging.staticPortProperty(defaultHostPort_Logging.java:47)
</failure>
    <system-out><![CDATA[Request method:	GET
Request URI:	http://localhost:9191/
Proxy:			<none>
Request params:	<none>
Query params:	<none>
Form params:	<none>
Path params:	<none>
Headers:		Accept=*/*
Cookies:		<none>
Multiparts:		<none>
Body:			<none>
]]></system-out>
  </testcase>
  <testcase name="testDeleteRequest" classname="examples.deleteRequest_RestfulBooker_BDDStyle" time="168.526">
    <failure message="Connection timed out: connect" type="java.net.ConnectException">java.net.ConnectException: Connection timed out: connect
	at examples.deleteRequest_RestfulBooker_BDDStyle.testDeleteRequest(deleteRequest_RestfulBooker_BDDStyle.java:17)
</failure>
  </testcase>
  <testcase name="GetBookingId_VerifyStatusCode" classname="examples.nonBDDStyleRestAssured" time="84.329">
    <failure message="Connection timed out: connect" type="java.net.ConnectException">java.net.ConnectException: Connection timed out: connect
	at examples.nonBDDStyleRestAssured.GetBookingId_VerifyStatusCode(nonBDDStyleRestAssured.java:19)
</failure>
  </testcase>
  <testcase name="testPostRequest" classname="examples.patchRequest_RestfulBooker_BDDStyle" time="168.479">
    <failure message="Connection timed out: connect" type="java.net.ConnectException">java.net.ConnectException: Connection timed out: connect
	at examples.patchRequest_RestfulBooker_BDDStyle.testPostRequest(patchRequest_RestfulBooker_BDDStyle.java:23)
</failure>
    <system-out><![CDATA[{"firstname":"HAri Bol", "lastname":"Krishna"}
]]></system-out>
  </testcase>
  <testcase name="testPostRequest" classname="examples.postRequest_RestfulBooker_BDDStyle" time="168.43">
    <failure message="Connection timed out: connect" type="java.net.ConnectException">java.net.ConnectException: Connection timed out: connect
	at examples.postRequest_RestfulBooker_BDDStyle.testPostRequest(postRequest_RestfulBooker_BDDStyle.java:23)
</failure>
    <system-out><![CDATA[{ "username":"admin" , "password" : "password123" } 
]]></system-out>
  </testcase>
  <testcase name="testPostRequest" classname="examples.postRequest_external_JsonFile_body" time="168.729">
    <failure message="Connection timed out: connect" type="java.net.ConnectException">java.net.ConnectException: Connection timed out: connect
	at examples.postRequest_external_JsonFile_body.testPostRequest(postRequest_external_JsonFile_body.java:27)
</failure>
    <system-out><![CDATA[Request method:	POST
Request URI:	https://restful-booker.herokuapp.com:9191/auth
Proxy:			<none>
Request params:	<none>
Query params:	<none>
Form params:	<none>
Path params:	<none>
Headers:		Accept=*/*
				Content-Type=application/json; charset=UTF-8
Cookies:		<none>
Multiparts:		<none>
Body:
src\main\resources\payloads\AuthPayLoadJson.json
]]></system-out>
  </testcase>
  <testcase name="testPostRequest" classname="examples.postRequest_external_XMLFile_body" time="168.776">
    <failure message="Connection timed out: connect" type="java.net.ConnectException">java.net.ConnectException: Connection timed out: connect
	at examples.postRequest_external_XMLFile_body.testPostRequest(postRequest_external_XMLFile_body.java:26)
</failure>
    <system-out><![CDATA[Request method:	POST
Request URI:	https://restful-booker.herokuapp.com:9191/auth
Proxy:			<none>
Request params:	<none>
Query params:	<none>
Form params:	<none>
Path params:	<none>
Headers:		Accept=*/*
				Content-Type=application/xml; charset=ISO-8859-1
Cookies:		<none>
Multiparts:		<none>
Body:
src\main\resources\payloads\AuthPayLoadXml.xml
]]></system-out>
  </testcase>
  <testcase name="javaSet_JsonObjects" classname="examples.postRequest_jsonArray_viaSet" time="168.754">
    <failure message="Connection timed out: connect" type="java.net.ConnectException">java.net.ConnectException: Connection timed out: connect
	at examples.postRequest_jsonArray_viaSet.javaSet_JsonObjects(postRequest_jsonArray_viaSet.java:56)
</failure>
    <system-out><![CDATA[Request method:	POST
Request URI:	https://restful-booker.herokuapp.com:9191/booking
Proxy:			<none>
Request params:	<none>
Query params:	<none>
Form params:	<none>
Path params:	<none>
Headers:		Accept=*/*
				Content-Type=application/json; charset=UTF-8
Cookies:		<none>
Multiparts:		<none>
Body:
[
    {
        "firstName": "Hare",
        "firstname": "Hare",
        "additionalneeds": "Dinner",
        "bookingdates": {
            "checkin": "2021-09-01",
            "checkout": "2021-09-05"
        },
        "totalprice": 25634,
        "depositpaid": true,
        "lastname": "Krishna"
    },
    {
        "firstname": "Hari",
        "additionalneeds": "Dinner",
        "bookingdates": {
            "checkin": "2021-10-02",
            "checkout": "2021-10-04"
        },
        "totalprice": 987546,
        "depositpaid": false,
        "lastname": "bol"
    }
]
]]></system-out>
  </testcase>
  <testcase name="testPostRequest" classname="examples.postRequest_queryRequestSpecificationParameter_BDDStyle" time="0.036"/>
  <testcase name="javaMapInJson" classname="examples.postRequest_using_JavaMap" time="168.47">
    <failure message="Connection timed out: connect" type="java.net.ConnectException">java.net.ConnectException: Connection timed out: connect
	at examples.postRequest_using_JavaMap.javaMapInJson(postRequest_using_JavaMap.java:29)
</failure>
    <system-out><![CDATA[Request method:	POST
Request URI:	https://restful-booker.herokuapp.com:9191/auth
Proxy:			<none>
Request params:	<none>
Query params:	<none>
Form params:	<none>
Path params:	<none>
Headers:		Accept=*/*
				Content-Type=application/json; charset=UTF-8
Cookies:		<none>
Multiparts:		<none>
Body:
{
    "password": "password123",
    "username": "admin"
}
]]></system-out>
  </testcase>
  <testcase name="javaMap_JsonObjects" classname="examples.postRequest_using_JavaMap" time="168.41">
    <failure message="Connection timed out: connect" type="java.net.ConnectException">java.net.ConnectException: Connection timed out: connect
	at examples.postRequest_using_JavaMap.javaMap_JsonObjects(postRequest_using_JavaMap.java:61)
</failure>
    <system-out><![CDATA[Request method:	POST
Request URI:	https://restful-booker.herokuapp.com:9191/booking
Proxy:			<none>
Request params:	<none>
Query params:	<none>
Form params:	<none>
Path params:	<none>
Headers:		Accept=*/*
				Content-Type=application/json; charset=UTF-8
Cookies:		<none>
Multiparts:		<none>
Body:
{
    "firstName": "Hare",
    "firstname": "Hare",
    "additionalneeds": "Dinner",
    "bookingdates": {
        "checkin": "2021-09-01",
        "checkout": "2021-09-05"
    },
    "totalprice": 25634,
    "depositpaid": true,
    "lastname": "Krishna"
}
]]></system-out>
  </testcase>
  <testcase name="testPostRequest" classname="examples.putRequest_RestfulBooker_BDDStyle" time="168.481">
    <failure message="Connection timed out: connect" type="java.net.ConnectException">java.net.ConnectException: Connection timed out: connect
	at examples.putRequest_RestfulBooker_BDDStyle.testPostRequest(putRequest_RestfulBooker_BDDStyle.java:24)
</failure>
    <system-out><![CDATA[{"firstname":"Hare","lastname":"Krishna","totalprice":765,"depositpaid":true,"bookingdates":{"checkin":"2019-08-03","checkout":"2020-02-27"}}
]]></system-out>
  </testcase>
  <testcase name="requestSpecBuilder" classname="examples.reqSpecBuilder" time="0.02">
    <failure message="Cannot get property &apos;assertionClosure&apos; on null object" type="java.lang.NullPointerException">java.lang.NullPointerException: Cannot get property 'assertionClosure' on null object
	at examples.reqSpecBuilder.requestSpecBuilder(reqSpecBuilder.java:20)
</failure>
  </testcase>
  <testcase name="whenYoujustHaveOneAPIToRun" classname="examples.requestSpecificationStaticProperty" time="168.402">
    <failure message="Connection timed out: connect" type="java.net.ConnectException">java.net.ConnectException: Connection timed out: connect
	at examples.requestSpecificationStaticProperty.whenYoujustHaveOneAPIToRun(requestSpecificationStaticProperty.java:23)
</failure>
  </testcase>
  <testcase name="overrideDefaultSpecification" classname="examples.requestSpecificationStaticProperty" time="168.446">
    <failure message="Connection timed out: connect" type="java.net.ConnectException">java.net.ConnectException: Connection timed out: connect
	at examples.requestSpecificationStaticProperty.overrideDefaultSpecification(requestSpecificationStaticProperty.java:36)
</failure>
  </testcase>
  <testcase name="BDDStyleWithStaticImport" classname="examples.staticRestFul" time="169.265">
    <failure message="Connection timed out: connect" type="java.net.ConnectException">java.net.ConnectException: Connection timed out: connect
	at examples.staticRestFul.BDDStyleWithStaticImport(staticRestFul.java:20)
</failure>
  </testcase>
  <testcase name="waysOfRestRequest" classname="examples.variousWaysOfRunningRestRequest" time="168.522">
    <failure message="Connection timed out: connect" type="java.net.ConnectException">java.net.ConnectException: Connection timed out: connect
	at examples.variousWaysOfRunningRestRequest.waysOfRestRequest(variousWaysOfRunningRestRequest.java:18)
</failure>
  </testcase>
  <testcase name="javaSet_JsonObjects" classname="jacksonAPI.postRequest_jsonObject_jacksonAPI_objectMapper" time="1.033"/>
  <testcase name="passingAsJsonBody" classname="jacksonAPI.postRequest_serialiaztion_On_content_Type_Basis" time="167.471">
    <failure message="Connection timed out: connect" type="java.net.ConnectException">java.net.ConnectException: Connection timed out: connect
	at jacksonAPI.postRequest_serialiaztion_On_content_Type_Basis.passingAsJsonBody(postRequest_serialiaztion_On_content_Type_Basis.java:52)
</failure>
    <system-out><![CDATA[Request method:	POST
Request URI:	https://restful-booker.herokuapp.com:9191/booking/booking
Proxy:			<none>
Request params:	<none>
Query params:	<none>
Form params:	<none>
Path params:	<none>
Headers:		Accept=*/*
				Content-Type=application/json; charset=UTF-8
Cookies:		<none>
Multiparts:		<none>
Body:
{
    "firstname": "Hare",
    "lastname": "Krishna",
    "additionalneeds": "Dinner",
    "totalprice": 98756,
    "depositpaid": true,
    "bookingdates": {
        "checkin": "2020-12-24",
        "checkout": "2020-12-26"
    }
}
]]></system-out>
  </testcase>
  <testcase name="passingAsXMLBody" classname="jacksonAPI.postRequest_serialiaztion_On_content_Type_Basis" time="0.32">
    <failure type="javax.xml.bind.MarshalException">javax.xml.bind.MarshalException
	at jacksonAPI.postRequest_serialiaztion_On_content_Type_Basis.passingAsXMLBody(postRequest_serialiaztion_On_content_Type_Basis.java:69)
Caused by: com.sun.istack.SAXException2: unable to marshal type "com.fasterxml.jackson.databind.node.ObjectNode" as an element because it is missing an @XmlRootElement annotation
	at jacksonAPI.postRequest_serialiaztion_On_content_Type_Basis.passingAsXMLBody(postRequest_serialiaztion_On_content_Type_Basis.java:69)
</failure>
  </testcase>
</testsuite>